Start testing: Mar 19 17:16 UTC
----------------------------------------------------------
14/34 Testing: DivideNodeTest.Differentiate
14/34 Test: DivideNodeTest.Differentiate
Command: "/home/vboxuser/Documents/expression/Expression/build/tests/ut" "--gtest_filter=DivideNodeTest.Differentiate" "--gtest_also_run_disabled_tests"
Directory: /home/vboxuser/Documents/expression/Expression/build/tests
"DivideNodeTest.Differentiate" start time: Mar 19 17:16 UTC
Output:
----------------------------------------------------------
Running main() from /home/vboxuser/Documents/expression/Expression/build/_deps/googletest-src/googletest/src/gtest_main.cc
Note: Google Test filter = DivideNodeTest.Differentiate
[==========] Running 1 test from 1 test suite.
[----------] Global test environment set-up.
[----------] 1 test from DivideNodeTest
[ RUN      ] DivideNodeTest.Differentiate
unknown file: Failure
C++ exception with description "Variable x not found" thrown in the test body.
[  FAILED  ] DivideNodeTest.Differentiate (0 ms)
[----------] 1 test from DivideNodeTest (0 ms total)

[----------] Global test environment tear-down
[==========] 1 test from 1 test suite ran. (0 ms total)
[  PASSED  ] 0 tests.
[  FAILED  ] 1 test, listed below:
[  FAILED  ] DivideNodeTest.Differentiate

 1 FAILED TEST
<end of output>
Test time =   0.00 sec
----------------------------------------------------------
Test Failed.
"DivideNodeTest.Differentiate" end time: Mar 19 17:16 UTC
"DivideNodeTest.Differentiate" time elapsed: 00:00:00
----------------------------------------------------------

29/34 Testing: PowerNodeTest.Differentiate
29/34 Test: PowerNodeTest.Differentiate
Command: "/home/vboxuser/Documents/expression/Expression/build/tests/ut" "--gtest_filter=PowerNodeTest.Differentiate" "--gtest_also_run_disabled_tests"
Directory: /home/vboxuser/Documents/expression/Expression/build/tests
"PowerNodeTest.Differentiate" start time: Mar 19 17:16 UTC
Output:
----------------------------------------------------------
Running main() from /home/vboxuser/Documents/expression/Expression/build/_deps/googletest-src/googletest/src/gtest_main.cc
Note: Google Test filter = PowerNodeTest.Differentiate
[==========] Running 1 test from 1 test suite.
[----------] Global test environment set-up.
[----------] 1 test from PowerNodeTest
[ RUN      ] PowerNodeTest.Differentiate
/home/vboxuser/Documents/expression/Expression/tests/ut/PowerNode.cpp:37: Failure
Expected equality of these values:
  derivative->to_string()
    Which is: "((3 * (x ^ (3 - 1))) * 1)"
  "((3 * (x ^ 2)) * 1)"
[  FAILED  ] PowerNodeTest.Differentiate (0 ms)
[----------] 1 test from PowerNodeTest (0 ms total)

[----------] Global test environment tear-down
[==========] 1 test from 1 test suite ran. (0 ms total)
[  PASSED  ] 0 tests.
[  FAILED  ] 1 test, listed below:
[  FAILED  ] PowerNodeTest.Differentiate

 1 FAILED TEST
<end of output>
Test time =   0.01 sec
----------------------------------------------------------
Test Failed.
"PowerNodeTest.Differentiate" end time: Mar 19 17:16 UTC
"PowerNodeTest.Differentiate" time elapsed: 00:00:00
----------------------------------------------------------

End testing: Mar 19 17:16 UTC
