Start testing: Mar 19 19:13 UTC
----------------------------------------------------------
1/34 Testing: AddNodeTest.Evaluate
1/34 Test: AddNodeTest.Evaluate
Command: "/home/vboxuser/Documents/expression/Expression/build/tests/ut" "--gtest_filter=AddNodeTest.Evaluate" "--gtest_also_run_disabled_tests"
Directory: /home/vboxuser/Documents/expression/Expression/build/tests
"AddNodeTest.Evaluate" start time: Mar 19 19:13 UTC
Output:
----------------------------------------------------------
Running main() from /home/vboxuser/Documents/expression/Expression/build/_deps/googletest-src/googletest/src/gtest_main.cc
Note: Google Test filter = AddNodeTest.Evaluate
[==========] Running 1 test from 1 test suite.
[----------] Global test environment set-up.
[----------] 1 test from AddNodeTest
[ RUN      ] AddNodeTest.Evaluate
[       OK ] AddNodeTest.Evaluate (0 ms)
[----------] 1 test from AddNodeTest (0 ms total)

[----------] Global test environment tear-down
[==========] 1 test from 1 test suite ran. (0 ms total)
[  PASSED  ] 1 test.
<end of output>
Test time =   0.01 sec
----------------------------------------------------------
Test Passed.
"AddNodeTest.Evaluate" end time: Mar 19 19:13 UTC
"AddNodeTest.Evaluate" time elapsed: 00:00:00
----------------------------------------------------------

2/34 Testing: AddNodeTest.ToString
2/34 Test: AddNodeTest.ToString
Command: "/home/vboxuser/Documents/expression/Expression/build/tests/ut" "--gtest_filter=AddNodeTest.ToString" "--gtest_also_run_disabled_tests"
Directory: /home/vboxuser/Documents/expression/Expression/build/tests
"AddNodeTest.ToString" start time: Mar 19 19:13 UTC
Output:
----------------------------------------------------------
Running main() from /home/vboxuser/Documents/expression/Expression/build/_deps/googletest-src/googletest/src/gtest_main.cc
Note: Google Test filter = AddNodeTest.ToString
[==========] Running 1 test from 1 test suite.
[----------] Global test environment set-up.
[----------] 1 test from AddNodeTest
[ RUN      ] AddNodeTest.ToString
[       OK ] AddNodeTest.ToString (0 ms)
[----------] 1 test from AddNodeTest (0 ms total)

[----------] Global test environment tear-down
[==========] 1 test from 1 test suite ran. (0 ms total)
[  PASSED  ] 1 test.
<end of output>
Test time =   0.01 sec
----------------------------------------------------------
Test Passed.
"AddNodeTest.ToString" end time: Mar 19 19:13 UTC
"AddNodeTest.ToString" time elapsed: 00:00:00
----------------------------------------------------------

3/34 Testing: AddNodeTest.Clone
3/34 Test: AddNodeTest.Clone
Command: "/home/vboxuser/Documents/expression/Expression/build/tests/ut" "--gtest_filter=AddNodeTest.Clone" "--gtest_also_run_disabled_tests"
Directory: /home/vboxuser/Documents/expression/Expression/build/tests
"AddNodeTest.Clone" start time: Mar 19 19:13 UTC
Output:
----------------------------------------------------------
Running main() from /home/vboxuser/Documents/expression/Expression/build/_deps/googletest-src/googletest/src/gtest_main.cc
Note: Google Test filter = AddNodeTest.Clone
[==========] Running 1 test from 1 test suite.
[----------] Global test environment set-up.
[----------] 1 test from AddNodeTest
[ RUN      ] AddNodeTest.Clone
[       OK ] AddNodeTest.Clone (0 ms)
[----------] 1 test from AddNodeTest (0 ms total)

[----------] Global test environment tear-down
[==========] 1 test from 1 test suite ran. (0 ms total)
[  PASSED  ] 1 test.
<end of output>
Test time =   0.00 sec
----------------------------------------------------------
Test Passed.
"AddNodeTest.Clone" end time: Mar 19 19:13 UTC
"AddNodeTest.Clone" time elapsed: 00:00:00
----------------------------------------------------------

4/34 Testing: AddNodeTest.Differentiate
4/34 Test: AddNodeTest.Differentiate
Command: "/home/vboxuser/Documents/expression/Expression/build/tests/ut" "--gtest_filter=AddNodeTest.Differentiate" "--gtest_also_run_disabled_tests"
Directory: /home/vboxuser/Documents/expression/Expression/build/tests
"AddNodeTest.Differentiate" start time: Mar 19 19:13 UTC
Output:
----------------------------------------------------------
Running main() from /home/vboxuser/Documents/expression/Expression/build/_deps/googletest-src/googletest/src/gtest_main.cc
Note: Google Test filter = AddNodeTest.Differentiate
[==========] Running 1 test from 1 test suite.
[----------] Global test environment set-up.
[----------] 1 test from AddNodeTest
[ RUN      ] AddNodeTest.Differentiate
[       OK ] AddNodeTest.Differentiate (0 ms)
[----------] 1 test from AddNodeTest (0 ms total)

[----------] Global test environment tear-down
[==========] 1 test from 1 test suite ran. (0 ms total)
[  PASSED  ] 1 test.
<end of output>
Test time =   0.00 sec
----------------------------------------------------------
Test Passed.
"AddNodeTest.Differentiate" end time: Mar 19 19:13 UTC
"AddNodeTest.Differentiate" time elapsed: 00:00:00
----------------------------------------------------------

5/34 Testing: AddNodeTest.Substitute
5/34 Test: AddNodeTest.Substitute
Command: "/home/vboxuser/Documents/expression/Expression/build/tests/ut" "--gtest_filter=AddNodeTest.Substitute" "--gtest_also_run_disabled_tests"
Directory: /home/vboxuser/Documents/expression/Expression/build/tests
"AddNodeTest.Substitute" start time: Mar 19 19:13 UTC
Output:
----------------------------------------------------------
Running main() from /home/vboxuser/Documents/expression/Expression/build/_deps/googletest-src/googletest/src/gtest_main.cc
Note: Google Test filter = AddNodeTest.Substitute
[==========] Running 1 test from 1 test suite.
[----------] Global test environment set-up.
[----------] 1 test from AddNodeTest
[ RUN      ] AddNodeTest.Substitute
[       OK ] AddNodeTest.Substitute (0 ms)
[----------] 1 test from AddNodeTest (0 ms total)

[----------] Global test environment tear-down
[==========] 1 test from 1 test suite ran. (0 ms total)
[  PASSED  ] 1 test.
<end of output>
Test time =   0.00 sec
----------------------------------------------------------
Test Passed.
"AddNodeTest.Substitute" end time: Mar 19 19:13 UTC
"AddNodeTest.Substitute" time elapsed: 00:00:00
----------------------------------------------------------

6/34 Testing: ConstNodeTest.Evaluate
6/34 Test: ConstNodeTest.Evaluate
Command: "/home/vboxuser/Documents/expression/Expression/build/tests/ut" "--gtest_filter=ConstNodeTest.Evaluate" "--gtest_also_run_disabled_tests"
Directory: /home/vboxuser/Documents/expression/Expression/build/tests
"ConstNodeTest.Evaluate" start time: Mar 19 19:13 UTC
Output:
----------------------------------------------------------
Running main() from /home/vboxuser/Documents/expression/Expression/build/_deps/googletest-src/googletest/src/gtest_main.cc
Note: Google Test filter = ConstNodeTest.Evaluate
[==========] Running 1 test from 1 test suite.
[----------] Global test environment set-up.
[----------] 1 test from ConstNodeTest
[ RUN      ] ConstNodeTest.Evaluate
[       OK ] ConstNodeTest.Evaluate (0 ms)
[----------] 1 test from ConstNodeTest (0 ms total)

[----------] Global test environment tear-down
[==========] 1 test from 1 test suite ran. (0 ms total)
[  PASSED  ] 1 test.
<end of output>
Test time =   0.01 sec
----------------------------------------------------------
Test Passed.
"ConstNodeTest.Evaluate" end time: Mar 19 19:13 UTC
"ConstNodeTest.Evaluate" time elapsed: 00:00:00
----------------------------------------------------------

7/34 Testing: ConstNodeTest.ToString
7/34 Test: ConstNodeTest.ToString
Command: "/home/vboxuser/Documents/expression/Expression/build/tests/ut" "--gtest_filter=ConstNodeTest.ToString" "--gtest_also_run_disabled_tests"
Directory: /home/vboxuser/Documents/expression/Expression/build/tests
"ConstNodeTest.ToString" start time: Mar 19 19:13 UTC
Output:
----------------------------------------------------------
Running main() from /home/vboxuser/Documents/expression/Expression/build/_deps/googletest-src/googletest/src/gtest_main.cc
Note: Google Test filter = ConstNodeTest.ToString
[==========] Running 1 test from 1 test suite.
[----------] Global test environment set-up.
[----------] 1 test from ConstNodeTest
[ RUN      ] ConstNodeTest.ToString
[       OK ] ConstNodeTest.ToString (0 ms)
[----------] 1 test from ConstNodeTest (0 ms total)

[----------] Global test environment tear-down
[==========] 1 test from 1 test suite ran. (0 ms total)
[  PASSED  ] 1 test.
<end of output>
Test time =   0.01 sec
----------------------------------------------------------
Test Passed.
"ConstNodeTest.ToString" end time: Mar 19 19:13 UTC
"ConstNodeTest.ToString" time elapsed: 00:00:00
----------------------------------------------------------

8/34 Testing: ConstNodeTest.Clone
8/34 Test: ConstNodeTest.Clone
Command: "/home/vboxuser/Documents/expression/Expression/build/tests/ut" "--gtest_filter=ConstNodeTest.Clone" "--gtest_also_run_disabled_tests"
Directory: /home/vboxuser/Documents/expression/Expression/build/tests
"ConstNodeTest.Clone" start time: Mar 19 19:13 UTC
Output:
----------------------------------------------------------
Running main() from /home/vboxuser/Documents/expression/Expression/build/_deps/googletest-src/googletest/src/gtest_main.cc
Note: Google Test filter = ConstNodeTest.Clone
[==========] Running 1 test from 1 test suite.
[----------] Global test environment set-up.
[----------] 1 test from ConstNodeTest
[ RUN      ] ConstNodeTest.Clone
[       OK ] ConstNodeTest.Clone (0 ms)
[----------] 1 test from ConstNodeTest (0 ms total)

[----------] Global test environment tear-down
[==========] 1 test from 1 test suite ran. (0 ms total)
[  PASSED  ] 1 test.
<end of output>
Test time =   0.01 sec
----------------------------------------------------------
Test Passed.
"ConstNodeTest.Clone" end time: Mar 19 19:13 UTC
"ConstNodeTest.Clone" time elapsed: 00:00:00
----------------------------------------------------------

9/34 Testing: ConstNodeTest.Differentiate
9/34 Test: ConstNodeTest.Differentiate
Command: "/home/vboxuser/Documents/expression/Expression/build/tests/ut" "--gtest_filter=ConstNodeTest.Differentiate" "--gtest_also_run_disabled_tests"
Directory: /home/vboxuser/Documents/expression/Expression/build/tests
"ConstNodeTest.Differentiate" start time: Mar 19 19:13 UTC
Output:
----------------------------------------------------------
Running main() from /home/vboxuser/Documents/expression/Expression/build/_deps/googletest-src/googletest/src/gtest_main.cc
Note: Google Test filter = ConstNodeTest.Differentiate
[==========] Running 1 test from 1 test suite.
[----------] Global test environment set-up.
[----------] 1 test from ConstNodeTest
[ RUN      ] ConstNodeTest.Differentiate
[       OK ] ConstNodeTest.Differentiate (0 ms)
[----------] 1 test from ConstNodeTest (0 ms total)

[----------] Global test environment tear-down
[==========] 1 test from 1 test suite ran. (0 ms total)
[  PASSED  ] 1 test.
<end of output>
Test time =   0.01 sec
----------------------------------------------------------
Test Passed.
"ConstNodeTest.Differentiate" end time: Mar 19 19:13 UTC
"ConstNodeTest.Differentiate" time elapsed: 00:00:00
----------------------------------------------------------

10/34 Testing: ConstNodeTest.Substitute
10/34 Test: ConstNodeTest.Substitute
Command: "/home/vboxuser/Documents/expression/Expression/build/tests/ut" "--gtest_filter=ConstNodeTest.Substitute" "--gtest_also_run_disabled_tests"
Directory: /home/vboxuser/Documents/expression/Expression/build/tests
"ConstNodeTest.Substitute" start time: Mar 19 19:13 UTC
Output:
----------------------------------------------------------
Running main() from /home/vboxuser/Documents/expression/Expression/build/_deps/googletest-src/googletest/src/gtest_main.cc
Note: Google Test filter = ConstNodeTest.Substitute
[==========] Running 1 test from 1 test suite.
[----------] Global test environment set-up.
[----------] 1 test from ConstNodeTest
[ RUN      ] ConstNodeTest.Substitute
[       OK ] ConstNodeTest.Substitute (0 ms)
[----------] 1 test from ConstNodeTest (0 ms total)

[----------] Global test environment tear-down
[==========] 1 test from 1 test suite ran. (0 ms total)
[  PASSED  ] 1 test.
<end of output>
Test time =   0.01 sec
----------------------------------------------------------
Test Passed.
"ConstNodeTest.Substitute" end time: Mar 19 19:13 UTC
"ConstNodeTest.Substitute" time elapsed: 00:00:00
----------------------------------------------------------

11/34 Testing: CosNodeTest.Evaluate
11/34 Test: CosNodeTest.Evaluate
Command: "/home/vboxuser/Documents/expression/Expression/build/tests/ut" "--gtest_filter=CosNodeTest.Evaluate" "--gtest_also_run_disabled_tests"
Directory: /home/vboxuser/Documents/expression/Expression/build/tests
"CosNodeTest.Evaluate" start time: Mar 19 19:13 UTC
Output:
----------------------------------------------------------
Running main() from /home/vboxuser/Documents/expression/Expression/build/_deps/googletest-src/googletest/src/gtest_main.cc
Note: Google Test filter = CosNodeTest.Evaluate
[==========] Running 1 test from 1 test suite.
[----------] Global test environment set-up.
[----------] 1 test from CosNodeTest
[ RUN      ] CosNodeTest.Evaluate
[       OK ] CosNodeTest.Evaluate (0 ms)
[----------] 1 test from CosNodeTest (0 ms total)

[----------] Global test environment tear-down
[==========] 1 test from 1 test suite ran. (0 ms total)
[  PASSED  ] 1 test.
<end of output>
Test time =   0.01 sec
----------------------------------------------------------
Test Passed.
"CosNodeTest.Evaluate" end time: Mar 19 19:13 UTC
"CosNodeTest.Evaluate" time elapsed: 00:00:00
----------------------------------------------------------

12/34 Testing: CosNodeTest.Differentiate
12/34 Test: CosNodeTest.Differentiate
Command: "/home/vboxuser/Documents/expression/Expression/build/tests/ut" "--gtest_filter=CosNodeTest.Differentiate" "--gtest_also_run_disabled_tests"
Directory: /home/vboxuser/Documents/expression/Expression/build/tests
"CosNodeTest.Differentiate" start time: Mar 19 19:13 UTC
Output:
----------------------------------------------------------
Running main() from /home/vboxuser/Documents/expression/Expression/build/_deps/googletest-src/googletest/src/gtest_main.cc
Note: Google Test filter = CosNodeTest.Differentiate
[==========] Running 1 test from 1 test suite.
[----------] Global test environment set-up.
[----------] 1 test from CosNodeTest
[ RUN      ] CosNodeTest.Differentiate
[       OK ] CosNodeTest.Differentiate (0 ms)
[----------] 1 test from CosNodeTest (0 ms total)

[----------] Global test environment tear-down
[==========] 1 test from 1 test suite ran. (0 ms total)
[  PASSED  ] 1 test.
<end of output>
Test time =   0.01 sec
----------------------------------------------------------
Test Passed.
"CosNodeTest.Differentiate" end time: Mar 19 19:13 UTC
"CosNodeTest.Differentiate" time elapsed: 00:00:00
----------------------------------------------------------

13/34 Testing: DivideNodeTest.Evaluate
13/34 Test: DivideNodeTest.Evaluate
Command: "/home/vboxuser/Documents/expression/Expression/build/tests/ut" "--gtest_filter=DivideNodeTest.Evaluate" "--gtest_also_run_disabled_tests"
Directory: /home/vboxuser/Documents/expression/Expression/build/tests
"DivideNodeTest.Evaluate" start time: Mar 19 19:13 UTC
Output:
----------------------------------------------------------
Running main() from /home/vboxuser/Documents/expression/Expression/build/_deps/googletest-src/googletest/src/gtest_main.cc
Note: Google Test filter = DivideNodeTest.Evaluate
[==========] Running 1 test from 1 test suite.
[----------] Global test environment set-up.
[----------] 1 test from DivideNodeTest
[ RUN      ] DivideNodeTest.Evaluate
[       OK ] DivideNodeTest.Evaluate (0 ms)
[----------] 1 test from DivideNodeTest (0 ms total)

[----------] Global test environment tear-down
[==========] 1 test from 1 test suite ran. (0 ms total)
[  PASSED  ] 1 test.
<end of output>
Test time =   0.01 sec
----------------------------------------------------------
Test Passed.
"DivideNodeTest.Evaluate" end time: Mar 19 19:13 UTC
"DivideNodeTest.Evaluate" time elapsed: 00:00:00
----------------------------------------------------------

14/34 Testing: DivideNodeTest.Differentiate
14/34 Test: DivideNodeTest.Differentiate
Command: "/home/vboxuser/Documents/expression/Expression/build/tests/ut" "--gtest_filter=DivideNodeTest.Differentiate" "--gtest_also_run_disabled_tests"
Directory: /home/vboxuser/Documents/expression/Expression/build/tests
"DivideNodeTest.Differentiate" start time: Mar 19 19:13 UTC
Output:
----------------------------------------------------------
Running main() from /home/vboxuser/Documents/expression/Expression/build/_deps/googletest-src/googletest/src/gtest_main.cc
Note: Google Test filter = DivideNodeTest.Differentiate
[==========] Running 1 test from 1 test suite.
[----------] Global test environment set-up.
[----------] 1 test from DivideNodeTest
[ RUN      ] DivideNodeTest.Differentiate
unknown file: Failure
C++ exception with description "Variable x not found" thrown in the test body.
[  FAILED  ] DivideNodeTest.Differentiate (1 ms)
[----------] 1 test from DivideNodeTest (1 ms total)

[----------] Global test environment tear-down
[==========] 1 test from 1 test suite ran. (1 ms total)
[  PASSED  ] 0 tests.
[  FAILED  ] 1 test, listed below:
[  FAILED  ] DivideNodeTest.Differentiate

 1 FAILED TEST
<end of output>
Test time =   0.01 sec
----------------------------------------------------------
Test Failed.
"DivideNodeTest.Differentiate" end time: Mar 19 19:13 UTC
"DivideNodeTest.Differentiate" time elapsed: 00:00:00
----------------------------------------------------------

15/34 Testing: ExpNodeTest.Evaluate
15/34 Test: ExpNodeTest.Evaluate
Command: "/home/vboxuser/Documents/expression/Expression/build/tests/ut" "--gtest_filter=ExpNodeTest.Evaluate" "--gtest_also_run_disabled_tests"
Directory: /home/vboxuser/Documents/expression/Expression/build/tests
"ExpNodeTest.Evaluate" start time: Mar 19 19:13 UTC
Output:
----------------------------------------------------------
Running main() from /home/vboxuser/Documents/expression/Expression/build/_deps/googletest-src/googletest/src/gtest_main.cc
Note: Google Test filter = ExpNodeTest.Evaluate
[==========] Running 1 test from 1 test suite.
[----------] Global test environment set-up.
[----------] 1 test from ExpNodeTest
[ RUN      ] ExpNodeTest.Evaluate
[       OK ] ExpNodeTest.Evaluate (0 ms)
[----------] 1 test from ExpNodeTest (0 ms total)

[----------] Global test environment tear-down
[==========] 1 test from 1 test suite ran. (0 ms total)
[  PASSED  ] 1 test.
<end of output>
Test time =   0.00 sec
----------------------------------------------------------
Test Passed.
"ExpNodeTest.Evaluate" end time: Mar 19 19:13 UTC
"ExpNodeTest.Evaluate" time elapsed: 00:00:00
----------------------------------------------------------

16/34 Testing: ExpNodeTest.Differentiate
16/34 Test: ExpNodeTest.Differentiate
Command: "/home/vboxuser/Documents/expression/Expression/build/tests/ut" "--gtest_filter=ExpNodeTest.Differentiate" "--gtest_also_run_disabled_tests"
Directory: /home/vboxuser/Documents/expression/Expression/build/tests
"ExpNodeTest.Differentiate" start time: Mar 19 19:13 UTC
Output:
----------------------------------------------------------
Running main() from /home/vboxuser/Documents/expression/Expression/build/_deps/googletest-src/googletest/src/gtest_main.cc
Note: Google Test filter = ExpNodeTest.Differentiate
[==========] Running 1 test from 1 test suite.
[----------] Global test environment set-up.
[----------] 1 test from ExpNodeTest
[ RUN      ] ExpNodeTest.Differentiate
[       OK ] ExpNodeTest.Differentiate (0 ms)
[----------] 1 test from ExpNodeTest (0 ms total)

[----------] Global test environment tear-down
[==========] 1 test from 1 test suite ran. (0 ms total)
[  PASSED  ] 1 test.
<end of output>
Test time =   0.00 sec
----------------------------------------------------------
Test Passed.
"ExpNodeTest.Differentiate" end time: Mar 19 19:13 UTC
"ExpNodeTest.Differentiate" time elapsed: 00:00:00
----------------------------------------------------------

17/34 Testing: LnNodeTest.Evaluate
17/34 Test: LnNodeTest.Evaluate
Command: "/home/vboxuser/Documents/expression/Expression/build/tests/ut" "--gtest_filter=LnNodeTest.Evaluate" "--gtest_also_run_disabled_tests"
Directory: /home/vboxuser/Documents/expression/Expression/build/tests
"LnNodeTest.Evaluate" start time: Mar 19 19:13 UTC
Output:
----------------------------------------------------------
Running main() from /home/vboxuser/Documents/expression/Expression/build/_deps/googletest-src/googletest/src/gtest_main.cc
Note: Google Test filter = LnNodeTest.Evaluate
[==========] Running 1 test from 1 test suite.
[----------] Global test environment set-up.
[----------] 1 test from LnNodeTest
[ RUN      ] LnNodeTest.Evaluate
[       OK ] LnNodeTest.Evaluate (0 ms)
[----------] 1 test from LnNodeTest (0 ms total)

[----------] Global test environment tear-down
[==========] 1 test from 1 test suite ran. (0 ms total)
[  PASSED  ] 1 test.
<end of output>
Test time =   0.01 sec
----------------------------------------------------------
Test Passed.
"LnNodeTest.Evaluate" end time: Mar 19 19:13 UTC
"LnNodeTest.Evaluate" time elapsed: 00:00:00
----------------------------------------------------------

18/34 Testing: LnNodeTest.Differentiate
18/34 Test: LnNodeTest.Differentiate
Command: "/home/vboxuser/Documents/expression/Expression/build/tests/ut" "--gtest_filter=LnNodeTest.Differentiate" "--gtest_also_run_disabled_tests"
Directory: /home/vboxuser/Documents/expression/Expression/build/tests
"LnNodeTest.Differentiate" start time: Mar 19 19:13 UTC
Output:
----------------------------------------------------------
Running main() from /home/vboxuser/Documents/expression/Expression/build/_deps/googletest-src/googletest/src/gtest_main.cc
Note: Google Test filter = LnNodeTest.Differentiate
[==========] Running 1 test from 1 test suite.
[----------] Global test environment set-up.
[----------] 1 test from LnNodeTest
[ RUN      ] LnNodeTest.Differentiate
[       OK ] LnNodeTest.Differentiate (0 ms)
[----------] 1 test from LnNodeTest (0 ms total)

[----------] Global test environment tear-down
[==========] 1 test from 1 test suite ran. (0 ms total)
[  PASSED  ] 1 test.
<end of output>
Test time =   0.00 sec
----------------------------------------------------------
Test Passed.
"LnNodeTest.Differentiate" end time: Mar 19 19:13 UTC
"LnNodeTest.Differentiate" time elapsed: 00:00:00
----------------------------------------------------------

19/34 Testing: MultiplyNodeTest.Evaluate
19/34 Test: MultiplyNodeTest.Evaluate
Command: "/home/vboxuser/Documents/expression/Expression/build/tests/ut" "--gtest_filter=MultiplyNodeTest.Evaluate" "--gtest_also_run_disabled_tests"
Directory: /home/vboxuser/Documents/expression/Expression/build/tests
"MultiplyNodeTest.Evaluate" start time: Mar 19 19:13 UTC
Output:
----------------------------------------------------------
Running main() from /home/vboxuser/Documents/expression/Expression/build/_deps/googletest-src/googletest/src/gtest_main.cc
Note: Google Test filter = MultiplyNodeTest.Evaluate
[==========] Running 1 test from 1 test suite.
[----------] Global test environment set-up.
[----------] 1 test from MultiplyNodeTest
[ RUN      ] MultiplyNodeTest.Evaluate
[       OK ] MultiplyNodeTest.Evaluate (0 ms)
[----------] 1 test from MultiplyNodeTest (0 ms total)

[----------] Global test environment tear-down
[==========] 1 test from 1 test suite ran. (0 ms total)
[  PASSED  ] 1 test.
<end of output>
Test time =   0.01 sec
----------------------------------------------------------
Test Passed.
"MultiplyNodeTest.Evaluate" end time: Mar 19 19:13 UTC
"MultiplyNodeTest.Evaluate" time elapsed: 00:00:00
----------------------------------------------------------

20/34 Testing: MultiplyNodeTest.ToString
20/34 Test: MultiplyNodeTest.ToString
Command: "/home/vboxuser/Documents/expression/Expression/build/tests/ut" "--gtest_filter=MultiplyNodeTest.ToString" "--gtest_also_run_disabled_tests"
Directory: /home/vboxuser/Documents/expression/Expression/build/tests
"MultiplyNodeTest.ToString" start time: Mar 19 19:13 UTC
Output:
----------------------------------------------------------
Running main() from /home/vboxuser/Documents/expression/Expression/build/_deps/googletest-src/googletest/src/gtest_main.cc
Note: Google Test filter = MultiplyNodeTest.ToString
[==========] Running 1 test from 1 test suite.
[----------] Global test environment set-up.
[----------] 1 test from MultiplyNodeTest
[ RUN      ] MultiplyNodeTest.ToString
[       OK ] MultiplyNodeTest.ToString (0 ms)
[----------] 1 test from MultiplyNodeTest (0 ms total)

[----------] Global test environment tear-down
[==========] 1 test from 1 test suite ran. (0 ms total)
[  PASSED  ] 1 test.
<end of output>
Test time =   0.01 sec
----------------------------------------------------------
Test Passed.
"MultiplyNodeTest.ToString" end time: Mar 19 19:13 UTC
"MultiplyNodeTest.ToString" time elapsed: 00:00:00
----------------------------------------------------------

21/34 Testing: MultiplyNodeTest.Clone
21/34 Test: MultiplyNodeTest.Clone
Command: "/home/vboxuser/Documents/expression/Expression/build/tests/ut" "--gtest_filter=MultiplyNodeTest.Clone" "--gtest_also_run_disabled_tests"
Directory: /home/vboxuser/Documents/expression/Expression/build/tests
"MultiplyNodeTest.Clone" start time: Mar 19 19:13 UTC
Output:
----------------------------------------------------------
Running main() from /home/vboxuser/Documents/expression/Expression/build/_deps/googletest-src/googletest/src/gtest_main.cc
Note: Google Test filter = MultiplyNodeTest.Clone
[==========] Running 1 test from 1 test suite.
[----------] Global test environment set-up.
[----------] 1 test from MultiplyNodeTest
[ RUN      ] MultiplyNodeTest.Clone
[       OK ] MultiplyNodeTest.Clone (0 ms)
[----------] 1 test from MultiplyNodeTest (0 ms total)

[----------] Global test environment tear-down
[==========] 1 test from 1 test suite ran. (0 ms total)
[  PASSED  ] 1 test.
<end of output>
Test time =   0.01 sec
----------------------------------------------------------
Test Passed.
"MultiplyNodeTest.Clone" end time: Mar 19 19:13 UTC
"MultiplyNodeTest.Clone" time elapsed: 00:00:00
----------------------------------------------------------

22/34 Testing: MultiplyNodeTest.Differentiate
22/34 Test: MultiplyNodeTest.Differentiate
Command: "/home/vboxuser/Documents/expression/Expression/build/tests/ut" "--gtest_filter=MultiplyNodeTest.Differentiate" "--gtest_also_run_disabled_tests"
Directory: /home/vboxuser/Documents/expression/Expression/build/tests
"MultiplyNodeTest.Differentiate" start time: Mar 19 19:13 UTC
Output:
----------------------------------------------------------
Running main() from /home/vboxuser/Documents/expression/Expression/build/_deps/googletest-src/googletest/src/gtest_main.cc
Note: Google Test filter = MultiplyNodeTest.Differentiate
[==========] Running 1 test from 1 test suite.
[----------] Global test environment set-up.
[----------] 1 test from MultiplyNodeTest
[ RUN      ] MultiplyNodeTest.Differentiate
[       OK ] MultiplyNodeTest.Differentiate (0 ms)
[----------] 1 test from MultiplyNodeTest (0 ms total)

[----------] Global test environment tear-down
[==========] 1 test from 1 test suite ran. (0 ms total)
[  PASSED  ] 1 test.
<end of output>
Test time =   0.00 sec
----------------------------------------------------------
Test Passed.
"MultiplyNodeTest.Differentiate" end time: Mar 19 19:13 UTC
"MultiplyNodeTest.Differentiate" time elapsed: 00:00:00
----------------------------------------------------------

23/34 Testing: MultiplyNodeTest.Substitute
23/34 Test: MultiplyNodeTest.Substitute
Command: "/home/vboxuser/Documents/expression/Expression/build/tests/ut" "--gtest_filter=MultiplyNodeTest.Substitute" "--gtest_also_run_disabled_tests"
Directory: /home/vboxuser/Documents/expression/Expression/build/tests
"MultiplyNodeTest.Substitute" start time: Mar 19 19:13 UTC
Output:
----------------------------------------------------------
Running main() from /home/vboxuser/Documents/expression/Expression/build/_deps/googletest-src/googletest/src/gtest_main.cc
Note: Google Test filter = MultiplyNodeTest.Substitute
[==========] Running 1 test from 1 test suite.
[----------] Global test environment set-up.
[----------] 1 test from MultiplyNodeTest
[ RUN      ] MultiplyNodeTest.Substitute
[       OK ] MultiplyNodeTest.Substitute (0 ms)
[----------] 1 test from MultiplyNodeTest (0 ms total)

[----------] Global test environment tear-down
[==========] 1 test from 1 test suite ran. (0 ms total)
[  PASSED  ] 1 test.
<end of output>
Test time =   0.00 sec
----------------------------------------------------------
Test Passed.
"MultiplyNodeTest.Substitute" end time: Mar 19 19:13 UTC
"MultiplyNodeTest.Substitute" time elapsed: 00:00:00
----------------------------------------------------------

24/34 Testing: NegateNodeTest.Evaluate
24/34 Test: NegateNodeTest.Evaluate
Command: "/home/vboxuser/Documents/expression/Expression/build/tests/ut" "--gtest_filter=NegateNodeTest.Evaluate" "--gtest_also_run_disabled_tests"
Directory: /home/vboxuser/Documents/expression/Expression/build/tests
"NegateNodeTest.Evaluate" start time: Mar 19 19:13 UTC
Output:
----------------------------------------------------------
Running main() from /home/vboxuser/Documents/expression/Expression/build/_deps/googletest-src/googletest/src/gtest_main.cc
Note: Google Test filter = NegateNodeTest.Evaluate
[==========] Running 1 test from 1 test suite.
[----------] Global test environment set-up.
[----------] 1 test from NegateNodeTest
[ RUN      ] NegateNodeTest.Evaluate
[       OK ] NegateNodeTest.Evaluate (0 ms)
[----------] 1 test from NegateNodeTest (0 ms total)

[----------] Global test environment tear-down
[==========] 1 test from 1 test suite ran. (0 ms total)
[  PASSED  ] 1 test.
<end of output>
Test time =   0.01 sec
----------------------------------------------------------
Test Passed.
"NegateNodeTest.Evaluate" end time: Mar 19 19:13 UTC
"NegateNodeTest.Evaluate" time elapsed: 00:00:00
----------------------------------------------------------

25/34 Testing: NegateNodeTest.Differentiate
25/34 Test: NegateNodeTest.Differentiate
Command: "/home/vboxuser/Documents/expression/Expression/build/tests/ut" "--gtest_filter=NegateNodeTest.Differentiate" "--gtest_also_run_disabled_tests"
Directory: /home/vboxuser/Documents/expression/Expression/build/tests
"NegateNodeTest.Differentiate" start time: Mar 19 19:13 UTC
Output:
----------------------------------------------------------
Running main() from /home/vboxuser/Documents/expression/Expression/build/_deps/googletest-src/googletest/src/gtest_main.cc
Note: Google Test filter = NegateNodeTest.Differentiate
[==========] Running 1 test from 1 test suite.
[----------] Global test environment set-up.
[----------] 1 test from NegateNodeTest
[ RUN      ] NegateNodeTest.Differentiate
[       OK ] NegateNodeTest.Differentiate (0 ms)
[----------] 1 test from NegateNodeTest (0 ms total)

[----------] Global test environment tear-down
[==========] 1 test from 1 test suite ran. (0 ms total)
[  PASSED  ] 1 test.
<end of output>
Test time =   0.01 sec
----------------------------------------------------------
Test Passed.
"NegateNodeTest.Differentiate" end time: Mar 19 19:13 UTC
"NegateNodeTest.Differentiate" time elapsed: 00:00:00
----------------------------------------------------------

26/34 Testing: PowerNodeTest.Evaluate
26/34 Test: PowerNodeTest.Evaluate
Command: "/home/vboxuser/Documents/expression/Expression/build/tests/ut" "--gtest_filter=PowerNodeTest.Evaluate" "--gtest_also_run_disabled_tests"
Directory: /home/vboxuser/Documents/expression/Expression/build/tests
"PowerNodeTest.Evaluate" start time: Mar 19 19:13 UTC
Output:
----------------------------------------------------------
Running main() from /home/vboxuser/Documents/expression/Expression/build/_deps/googletest-src/googletest/src/gtest_main.cc
Note: Google Test filter = PowerNodeTest.Evaluate
[==========] Running 1 test from 1 test suite.
[----------] Global test environment set-up.
[----------] 1 test from PowerNodeTest
[ RUN      ] PowerNodeTest.Evaluate
[       OK ] PowerNodeTest.Evaluate (0 ms)
[----------] 1 test from PowerNodeTest (0 ms total)

[----------] Global test environment tear-down
[==========] 1 test from 1 test suite ran. (0 ms total)
[  PASSED  ] 1 test.
<end of output>
Test time =   0.01 sec
----------------------------------------------------------
Test Passed.
"PowerNodeTest.Evaluate" end time: Mar 19 19:13 UTC
"PowerNodeTest.Evaluate" time elapsed: 00:00:00
----------------------------------------------------------

27/34 Testing: PowerNodeTest.ToString
27/34 Test: PowerNodeTest.ToString
Command: "/home/vboxuser/Documents/expression/Expression/build/tests/ut" "--gtest_filter=PowerNodeTest.ToString" "--gtest_also_run_disabled_tests"
Directory: /home/vboxuser/Documents/expression/Expression/build/tests
"PowerNodeTest.ToString" start time: Mar 19 19:13 UTC
Output:
----------------------------------------------------------
Running main() from /home/vboxuser/Documents/expression/Expression/build/_deps/googletest-src/googletest/src/gtest_main.cc
Note: Google Test filter = PowerNodeTest.ToString
[==========] Running 1 test from 1 test suite.
[----------] Global test environment set-up.
[----------] 1 test from PowerNodeTest
[ RUN      ] PowerNodeTest.ToString
[       OK ] PowerNodeTest.ToString (0 ms)
[----------] 1 test from PowerNodeTest (0 ms total)

[----------] Global test environment tear-down
[==========] 1 test from 1 test suite ran. (0 ms total)
[  PASSED  ] 1 test.
<end of output>
Test time =   0.00 sec
----------------------------------------------------------
Test Passed.
"PowerNodeTest.ToString" end time: Mar 19 19:13 UTC
"PowerNodeTest.ToString" time elapsed: 00:00:00
----------------------------------------------------------

28/34 Testing: PowerNodeTest.Clone
28/34 Test: PowerNodeTest.Clone
Command: "/home/vboxuser/Documents/expression/Expression/build/tests/ut" "--gtest_filter=PowerNodeTest.Clone" "--gtest_also_run_disabled_tests"
Directory: /home/vboxuser/Documents/expression/Expression/build/tests
"PowerNodeTest.Clone" start time: Mar 19 19:13 UTC
Output:
----------------------------------------------------------
Running main() from /home/vboxuser/Documents/expression/Expression/build/_deps/googletest-src/googletest/src/gtest_main.cc
Note: Google Test filter = PowerNodeTest.Clone
[==========] Running 1 test from 1 test suite.
[----------] Global test environment set-up.
[----------] 1 test from PowerNodeTest
[ RUN      ] PowerNodeTest.Clone
[       OK ] PowerNodeTest.Clone (0 ms)
[----------] 1 test from PowerNodeTest (0 ms total)

[----------] Global test environment tear-down
[==========] 1 test from 1 test suite ran. (0 ms total)
[  PASSED  ] 1 test.
<end of output>
Test time =   0.00 sec
----------------------------------------------------------
Test Passed.
"PowerNodeTest.Clone" end time: Mar 19 19:13 UTC
"PowerNodeTest.Clone" time elapsed: 00:00:00
----------------------------------------------------------

29/34 Testing: PowerNodeTest.Differentiate
29/34 Test: PowerNodeTest.Differentiate
Command: "/home/vboxuser/Documents/expression/Expression/build/tests/ut" "--gtest_filter=PowerNodeTest.Differentiate" "--gtest_also_run_disabled_tests"
Directory: /home/vboxuser/Documents/expression/Expression/build/tests
"PowerNodeTest.Differentiate" start time: Mar 19 19:13 UTC
Output:
----------------------------------------------------------
Running main() from /home/vboxuser/Documents/expression/Expression/build/_deps/googletest-src/googletest/src/gtest_main.cc
Note: Google Test filter = PowerNodeTest.Differentiate
[==========] Running 1 test from 1 test suite.
[----------] Global test environment set-up.
[----------] 1 test from PowerNodeTest
[ RUN      ] PowerNodeTest.Differentiate
/home/vboxuser/Documents/expression/Expression/tests/ut/PowerNode.cpp:37: Failure
Expected equality of these values:
  derivative->to_string()
    Which is: "((3 * (x ^ (3 - 1))) * 1)"
  "((3 * (x ^ 2)) * 1)"
[  FAILED  ] PowerNodeTest.Differentiate (0 ms)
[----------] 1 test from PowerNodeTest (0 ms total)

[----------] Global test environment tear-down
[==========] 1 test from 1 test suite ran. (0 ms total)
[  PASSED  ] 0 tests.
[  FAILED  ] 1 test, listed below:
[  FAILED  ] PowerNodeTest.Differentiate

 1 FAILED TEST
<end of output>
Test time =   0.00 sec
----------------------------------------------------------
Test Failed.
"PowerNodeTest.Differentiate" end time: Mar 19 19:13 UTC
"PowerNodeTest.Differentiate" time elapsed: 00:00:00
----------------------------------------------------------

30/34 Testing: PowerNodeTest.Substitute
30/34 Test: PowerNodeTest.Substitute
Command: "/home/vboxuser/Documents/expression/Expression/build/tests/ut" "--gtest_filter=PowerNodeTest.Substitute" "--gtest_also_run_disabled_tests"
Directory: /home/vboxuser/Documents/expression/Expression/build/tests
"PowerNodeTest.Substitute" start time: Mar 19 19:13 UTC
Output:
----------------------------------------------------------
Running main() from /home/vboxuser/Documents/expression/Expression/build/_deps/googletest-src/googletest/src/gtest_main.cc
Note: Google Test filter = PowerNodeTest.Substitute
[==========] Running 1 test from 1 test suite.
[----------] Global test environment set-up.
[----------] 1 test from PowerNodeTest
[ RUN      ] PowerNodeTest.Substitute
[       OK ] PowerNodeTest.Substitute (0 ms)
[----------] 1 test from PowerNodeTest (0 ms total)

[----------] Global test environment tear-down
[==========] 1 test from 1 test suite ran. (0 ms total)
[  PASSED  ] 1 test.
<end of output>
Test time =   0.01 sec
----------------------------------------------------------
Test Passed.
"PowerNodeTest.Substitute" end time: Mar 19 19:13 UTC
"PowerNodeTest.Substitute" time elapsed: 00:00:00
----------------------------------------------------------

31/34 Testing: SinNodeTest.Evaluate
31/34 Test: SinNodeTest.Evaluate
Command: "/home/vboxuser/Documents/expression/Expression/build/tests/ut" "--gtest_filter=SinNodeTest.Evaluate" "--gtest_also_run_disabled_tests"
Directory: /home/vboxuser/Documents/expression/Expression/build/tests
"SinNodeTest.Evaluate" start time: Mar 19 19:13 UTC
Output:
----------------------------------------------------------
Running main() from /home/vboxuser/Documents/expression/Expression/build/_deps/googletest-src/googletest/src/gtest_main.cc
Note: Google Test filter = SinNodeTest.Evaluate
[==========] Running 1 test from 1 test suite.
[----------] Global test environment set-up.
[----------] 1 test from SinNodeTest
[ RUN      ] SinNodeTest.Evaluate
[       OK ] SinNodeTest.Evaluate (0 ms)
[----------] 1 test from SinNodeTest (0 ms total)

[----------] Global test environment tear-down
[==========] 1 test from 1 test suite ran. (0 ms total)
[  PASSED  ] 1 test.
<end of output>
Test time =   0.01 sec
----------------------------------------------------------
Test Passed.
"SinNodeTest.Evaluate" end time: Mar 19 19:13 UTC
"SinNodeTest.Evaluate" time elapsed: 00:00:00
----------------------------------------------------------

32/34 Testing: SinNodeTest.Differentiate
32/34 Test: SinNodeTest.Differentiate
Command: "/home/vboxuser/Documents/expression/Expression/build/tests/ut" "--gtest_filter=SinNodeTest.Differentiate" "--gtest_also_run_disabled_tests"
Directory: /home/vboxuser/Documents/expression/Expression/build/tests
"SinNodeTest.Differentiate" start time: Mar 19 19:13 UTC
Output:
----------------------------------------------------------
Running main() from /home/vboxuser/Documents/expression/Expression/build/_deps/googletest-src/googletest/src/gtest_main.cc
Note: Google Test filter = SinNodeTest.Differentiate
[==========] Running 1 test from 1 test suite.
[----------] Global test environment set-up.
[----------] 1 test from SinNodeTest
[ RUN      ] SinNodeTest.Differentiate
[       OK ] SinNodeTest.Differentiate (0 ms)
[----------] 1 test from SinNodeTest (0 ms total)

[----------] Global test environment tear-down
[==========] 1 test from 1 test suite ran. (0 ms total)
[  PASSED  ] 1 test.
<end of output>
Test time =   0.01 sec
----------------------------------------------------------
Test Passed.
"SinNodeTest.Differentiate" end time: Mar 19 19:13 UTC
"SinNodeTest.Differentiate" time elapsed: 00:00:00
----------------------------------------------------------

33/34 Testing: SubtractNodeTest.Evaluate
33/34 Test: SubtractNodeTest.Evaluate
Command: "/home/vboxuser/Documents/expression/Expression/build/tests/ut" "--gtest_filter=SubtractNodeTest.Evaluate" "--gtest_also_run_disabled_tests"
Directory: /home/vboxuser/Documents/expression/Expression/build/tests
"SubtractNodeTest.Evaluate" start time: Mar 19 19:13 UTC
Output:
----------------------------------------------------------
Running main() from /home/vboxuser/Documents/expression/Expression/build/_deps/googletest-src/googletest/src/gtest_main.cc
Note: Google Test filter = SubtractNodeTest.Evaluate
[==========] Running 1 test from 1 test suite.
[----------] Global test environment set-up.
[----------] 1 test from SubtractNodeTest
[ RUN      ] SubtractNodeTest.Evaluate
[       OK ] SubtractNodeTest.Evaluate (0 ms)
[----------] 1 test from SubtractNodeTest (0 ms total)

[----------] Global test environment tear-down
[==========] 1 test from 1 test suite ran. (0 ms total)
[  PASSED  ] 1 test.
<end of output>
Test time =   0.00 sec
----------------------------------------------------------
Test Passed.
"SubtractNodeTest.Evaluate" end time: Mar 19 19:13 UTC
"SubtractNodeTest.Evaluate" time elapsed: 00:00:00
----------------------------------------------------------

34/34 Testing: SubtractNodeTest.Differentiate
34/34 Test: SubtractNodeTest.Differentiate
Command: "/home/vboxuser/Documents/expression/Expression/build/tests/ut" "--gtest_filter=SubtractNodeTest.Differentiate" "--gtest_also_run_disabled_tests"
Directory: /home/vboxuser/Documents/expression/Expression/build/tests
"SubtractNodeTest.Differentiate" start time: Mar 19 19:13 UTC
Output:
----------------------------------------------------------
Running main() from /home/vboxuser/Documents/expression/Expression/build/_deps/googletest-src/googletest/src/gtest_main.cc
Note: Google Test filter = SubtractNodeTest.Differentiate
[==========] Running 1 test from 1 test suite.
[----------] Global test environment set-up.
[----------] 1 test from SubtractNodeTest
[ RUN      ] SubtractNodeTest.Differentiate
[       OK ] SubtractNodeTest.Differentiate (0 ms)
[----------] 1 test from SubtractNodeTest (0 ms total)

[----------] Global test environment tear-down
[==========] 1 test from 1 test suite ran. (0 ms total)
[  PASSED  ] 1 test.
<end of output>
Test time =   0.00 sec
----------------------------------------------------------
Test Passed.
"SubtractNodeTest.Differentiate" end time: Mar 19 19:13 UTC
"SubtractNodeTest.Differentiate" time elapsed: 00:00:00
----------------------------------------------------------

End testing: Mar 19 19:13 UTC
